<?xml version="1.0" encoding="UTF-8"?>
<beans xmlns="http://www.springframework.org/schema/beans"
       xmlns:xsi="http://www.w3.org/2001/XMLSchema-instance"
       xsi:schemaLocation="http://www.springframework.org/schema/beans http://www.springframework.org/schema/beans/spring-beans.xsd">
    <bean id="realConnectionMaker" class="springboot.ch1.GConnectionMaker"/>
    <bean id="connectionMaker" class="springboot.ch1.CountingConnectionMaker">
        <property name="realConnectionMaker" ref="realConnectionMaker"/>
    </bean>
    <bean id="dataSource" class="org.springframework.jdbc.datasource.SimpleDriverDataSource">
        <property name="DriverClass" value="com.mysql.cj.jdbc.Driver"/>
        <property name="Url" value="jdbc:mysql://localhost:3306/db_test?serverTimezone=UTC"/>
        <property name="Username" value="springuser"/>
        <property name="Password" value="springuser"/>
    </bean>
    <bean id="userDao" class="springboot.ch1.UserDao">
        <property name="dataSource" ref="dataSource"/>
    </bean>
</beans>